#
# A fatal error has been detected by the Java Runtime Environment:
#
#  EXCEPTION_ACCESS_VIOLATION (0xc0000005) at pc=0x000000007000830a, pid=6348, tid=7512
#
# JRE version: Java(TM) SE Runtime Environment (8.0_45-b14) (build 1.8.0_45-b14)
# Java VM: Java HotSpot(TM) 64-Bit Server VM (25.45-b02 mixed mode windows-amd64 compressed oops)
# Problematic frame:
# V  [jvm.dll+0x27830a]
#
# Failed to write core dump. Minidumps are not enabled by default on client versions of Windows
#
# If you would like to submit a bug report, please visit:
#   http://bugreport.java.com/bugreport/crash.jsp
#

---------------  T H R E A D  ---------------

Current thread (0x000000005c40f800):  JavaThread "Daemon worker Thread 26" [_thread_in_vm, id=7512, stack(0x0000000059790000,0x0000000059890000)]

siginfo: ExceptionCode=0xc0000005, writing address 0x0000000000000073

Registers:
RAX=0x0000000000000073, RBX=0x0000000000000000, RCX=0x00000000c01c8bf0, RDX=0x0000000000000074
RSP=0x000000005988d430, RBP=0x00000000000007ff, RSI=0x00000000c01c8bf0, RDI=0x0000000000000010
R8 =0x0000000000000010, R9 =0x0000000000000010, R10=0x00000000c01c8bc8, R11=0x0000000000000000
R12=0x0000000000000000, R13=0x0000000057e4df20, R14=0x0000000057e4df30, R15=0x0000000057e4e308
RIP=0x000000007000830a, EFLAGS=0x0000000000010246

Top of Stack: (sp=0x000000005988d430)
0x000000005988d430:   000000005988d510 0000000699c70f20
0x000000005988d440:   00001a67199fd5f6 000000006fe0d4bd
0x000000005988d450:   00000000c01c8bc8 000000006fed3df0
0x000000005988d460:   0000000000000010 000000005d3af550
0x000000005988d470:   000000005c40f800 000000005c40f800
0x000000005988d480:   0000000000000000 000000006fed303e
0x000000005988d490:   000000005c40f800 0000000000000000
0x000000005988d4a0:   000000000238e960 000000006fed2e8c
0x000000005988d4b0:   0000000000000010 000000005c40f9f8
0x000000005988d4c0:   0000000000000000 000000005988d610
0x000000005988d4d0:   000000005988d510 00000000668a1aee
0x000000005988d4e0:   00000000000003d8 00000000ec661800
0x000000005988d4f0:   000000005988d620 0000000000000000
0x000000005988d500:   000000005988d510 00000000578e5538
0x000000005988d510:   0000000000000000 000000005d3af550
0x000000005988d520:   000000005c40f9f8 000000005988d6d0 

Instructions: (pc=0x000000007000830a)
0x00000000700082ea:   f8 7e 77 05 41 ff c0 eb 0f 66 3b d5 77 06 41 83
0x00000000700082fa:   c0 02 eb 04 41 83 c0 03 49 ff c1 4c 3b cf 7c d6
0x000000007000830a:   41 8d 40 01 33 d2 48 63 c8 e8 08 2a e7 ff 4c 8b
0x000000007000831a:   d8 48 8b d0 48 85 ff 7e 69 0f b7 0c 5e 66 85 c9 


Register to memory mapping:

RAX=0x0000000000000073 is an unknown value
RBX=0x0000000000000000 is an unknown value
RCX=0x00000000c01c8bf0 is pointing into object: 0x00000000c01c8be0
[C 
 - klass: {type array char}
 - length: 16
RDX=0x0000000000000074 is an unknown value
RSP=0x000000005988d430 is pointing into the stack for thread: 0x000000005c40f800
RBP=0x00000000000007ff is an unknown value
RSI=0x00000000c01c8bf0 is pointing into object: 0x00000000c01c8be0
[C 
 - klass: {type array char}
 - length: 16
RDI=0x0000000000000010 is an unknown value
R8 =0x0000000000000010 is an unknown value
R9 =0x0000000000000010 is an unknown value
R10=0x00000000c01c8bc8 is an oop
java.lang.String 
 - klass: 'java/lang/String'
R11=0x0000000000000000 is an unknown value
R12=0x0000000000000000 is an unknown value
R13=0x0000000057e4df20 is an unknown value
R14=0x0000000057e4df30 is an unknown value
R15=0x0000000057e4e308 is an unknown value


Stack: [0x0000000059790000,0x0000000059890000],  sp=0x000000005988d430,  free space=1013k
Native frames: (J=compiled Java code, j=interpreted, Vv=VM code, C=native code)
V  [jvm.dll+0x27830a]
V  [jvm.dll+0x143df0]
C  [java.dll+0x1aee]
C  0x0000000002c120c5

Java frames: (J=compiled Java code, j=interpreted, Vv=VM code)
J 1451  java.lang.Class.forName0(Ljava/lang/String;ZLjava/lang/ClassLoader;Ljava/lang/Class;)Ljava/lang/Class; (0 bytes) @ 0x0000000002c12047 [0x0000000002c11fc0+0x87]
J 13161 C2 java.lang.Class.forName(Ljava/lang/String;ZLjava/lang/ClassLoader;)Ljava/lang/Class; (53 bytes) @ 0x0000000003df5d08 [0x0000000003df5ce0+0x28]
J 3369 C1 sun.reflect.generics.tree.SimpleClassTypeSignature.accept(Lsun/reflect/generics/visitor/TypeTreeVisitor;)V (8 bytes) @ 0x000000000332a63c [0x000000000332a440+0x1fc]
J 18100 C2 sun.reflect.generics.reflectiveObjects.WildcardTypeImpl.toString()Ljava/lang/String; (155 bytes) @ 0x0000000005a80fdc [0x0000000005a80ac0+0x51c]
J 17816 C2 java.lang.reflect.Type.getTypeName()Ljava/lang/String; (5 bytes) @ 0x0000000003d694ac [0x0000000003d69480+0x2c]
J 17825 C2 sun.reflect.generics.reflectiveObjects.ParameterizedTypeImpl.toString()Ljava/lang/String; (242 bytes) @ 0x0000000005941914 [0x0000000005941660+0x2b4]
J 17816 C2 java.lang.reflect.Type.getTypeName()Ljava/lang/String; (5 bytes) @ 0x0000000003d694ac [0x0000000003d69480+0x2c]
J 4097 C2 java.lang.reflect.Method.specificToGenericStringHeader(Ljava/lang/StringBuilder;)V (48 bytes) @ 0x00000000035b6b14 [0x00000000035b69e0+0x134]
J 9525 C2 java.lang.reflect.Executable.sharedToGenericString(IZ)Ljava/lang/String; (329 bytes) @ 0x0000000003d12568 [0x0000000003d11e80+0x6e8]
J 17793 C2 java.lang.reflect.Method.toGenericString()Ljava/lang/String; (12 bytes) @ 0x00000000059013c0 [0x0000000005901360+0x60]
J 17909 C2 java.beans.MethodRef.find(Ljava/lang/Class;Ljava/lang/String;)Ljava/lang/reflect/Method; (62 bytes) @ 0x0000000005a38848 [0x0000000005a38680+0x1c8]
J 17797 C2 java.beans.PropertyDescriptor.getReadMethod()Ljava/lang/reflect/Method; (175 bytes) @ 0x0000000005917288 [0x0000000005916d60+0x528]
J 3768 C1 groovy.lang.MetaClassImpl.applyPropertyDescriptors([Ljava/beans/PropertyDescriptor;)V (151 bytes) @ 0x00000000034a54b4 [0x00000000034a5160+0x354]
J 4820 C1 groovy.lang.MetaClassImpl.setupProperties([Ljava/beans/PropertyDescriptor;)V (300 bytes) @ 0x00000000037da9a4 [0x00000000037da000+0x9a4]
J 17891 C1 groovy.lang.MetaClassImpl.addProperties()V (230 bytes) @ 0x0000000005973b4c [0x0000000005973620+0x52c]
J 4815 C1 groovy.lang.MetaClassImpl.initialize()V (21 bytes) @ 0x00000000037d813c [0x00000000037d7fe0+0x15c]
J 17895 C2 org.gradle.api.internal.BeanDynamicObject$MetaClassAdapter.hasProperty(Ljava/lang/String;)Z (39 bytes) @ 0x00000000059e091c [0x00000000059dc760+0x41bc]
J 17901 C2 org.gradle.api.internal.BeanDynamicObject.hasProperty(Ljava/lang/String;)Z (11 bytes) @ 0x0000000003b95418 [0x0000000003b953e0+0x38]
J 23330 C2 org.gradle.api.internal.CompositeDynamicObject.setProperty(Ljava/lang/String;Ljava/lang/Object;)V (148 bytes) @ 0x00000000069a2f90 [0x00000000069a2ec0+0xd0]
J 22129 C1 org.gradle.api.internal.project.DefaultProject_Decorated.setProperty(Ljava/lang/String;Ljava/lang/Object;)V (12 bytes) @ 0x00000000045ec8c4 [0x00000000045ec740+0x184]
j  org.gradle.initialization.ProjectPropertySettingBuildLoader.addPropertiesToProject(Lorg/gradle/api/Project;)V+165
j  org.gradle.initialization.ProjectPropertySettingBuildLoader.setProjectProperties(Lorg/gradle/api/Project;)V+2
j  org.gradle.initialization.ProjectPropertySettingBuildLoader.load(Lorg/gradle/api/initialization/ProjectDescriptor;Lorg/gradle/api/initialization/ProjectDescriptor;Lorg/gradle/api/internal/GradleInternal;Lorg/gradle/api/internal/initialization/ClassLoaderScope;)V+21
j  org.gradle.initialization.DefaultGradleLauncher.doBuildStages(Lorg/gradle/initialization/DefaultGradleLauncher$Stage;)V+59
j  org.gradle.initialization.DefaultGradleLauncher.doBuild(Lorg/gradle/initialization/DefaultGradleLauncher$Stage;)Lorg/gradle/BuildResult;+27
j  org.gradle.initialization.DefaultGradleLauncher.run()Lorg/gradle/BuildResult;+4
j  org.gradle.launcher.exec.InProcessBuildActionExecuter$DefaultBuildController.run()Lorg/gradle/api/internal/GradleInternal;+5
j  org.gradle.tooling.internal.provider.runner.BuildModelActionRunner.run(Lorg/gradle/internal/invocation/BuildAction;Lorg/gradle/internal/invocation/BuildController;)V+72
j  org.gradle.launcher.exec.ChainingBuildActionRunner.run(Lorg/gradle/internal/invocation/BuildAction;Lorg/gradle/internal/invocation/BuildController;)V+34
j  org.gradle.launcher.exec.InProcessBuildActionExecuter.execute(Lorg/gradle/internal/invocation/BuildAction;Lorg/gradle/initialization/BuildRequestContext;Lorg/gradle/launcher/exec/BuildActionParameters;)Ljava/lang/Object;+39
j  org.gradle.launcher.exec.InProcessBuildActionExecuter.execute(Lorg/gradle/internal/invocation/BuildAction;Lorg/gradle/initialization/BuildRequestContext;Ljava/lang/Object;)Ljava/lang/Object;+7
j  org.gradle.launcher.daemon.server.exec.ExecuteBuild.doBuild(Lorg/gradle/launcher/daemon/server/api/DaemonCommandExecution;Lorg/gradle/launcher/daemon/protocol/Build;)V+70
j  org.gradle.launcher.daemon.server.exec.BuildCommandOnly.execute(Lorg/gradle/launcher/daemon/server/api/DaemonCommandExecution;)V+49
J 22118 C1 org.gradle.launcher.daemon.server.api.DaemonCommandExecution.proceed()Z (35 bytes) @ 0x0000000003274bcc [0x0000000003274820+0x3ac]
j  org.gradle.launcher.daemon.server.exec.WatchForDisconnection.execute(Lorg/gradle/launcher/daemon/server/api/DaemonCommandExecution;)V+19
J 22118 C1 org.gradle.launcher.daemon.server.api.DaemonCommandExecution.proceed()Z (35 bytes) @ 0x0000000003274bcc [0x0000000003274820+0x3ac]
j  org.gradle.launcher.daemon.server.exec.ResetDeprecationLogger.execute(Lorg/gradle/launcher/daemon/server/api/DaemonCommandExecution;)V+4
J 22118 C1 org.gradle.launcher.daemon.server.api.DaemonCommandExecution.proceed()Z (35 bytes) @ 0x0000000003274bcc [0x0000000003274820+0x3ac]
j  org.gradle.launcher.daemon.server.exec.RequestStopIfSingleUsedDaemon.execute(Lorg/gradle/launcher/daemon/server/api/DaemonCommandExecution;)V+31
J 22118 C1 org.gradle.launcher.daemon.server.api.DaemonCommandExecution.proceed()Z (35 bytes) @ 0x0000000003274bcc [0x0000000003274820+0x3ac]
j  org.gradle.launcher.daemon.server.exec.ForwardClientInput$2.call()Ljava/lang/Void;+4
j  org.gradle.launcher.daemon.server.exec.ForwardClientInput$2.call()Ljava/lang/Object;+1
j  org.gradle.util.Swapper.swap(Ljava/lang/Object;Ljava/util/concurrent/Callable;)Ljava/lang/Object;+21
j  org.gradle.launcher.daemon.server.exec.ForwardClientInput.execute(Lorg/gradle/launcher/daemon/server/api/DaemonCommandExecution;)V+63
J 22118 C1 org.gradle.launcher.daemon.server.api.DaemonCommandExecution.proceed()Z (35 bytes) @ 0x0000000003274bcc [0x0000000003274820+0x3ac]
j  org.gradle.launcher.daemon.server.health.DaemonHealthTracker.execute(Lorg/gradle/launcher/daemon/server/api/DaemonCommandExecution;)V+35
J 22118 C1 org.gradle.launcher.daemon.server.api.DaemonCommandExecution.proceed()Z (35 bytes) @ 0x0000000003274bcc [0x0000000003274820+0x3ac]
j  org.gradle.launcher.daemon.server.exec.LogToClient.doBuild(Lorg/gradle/launcher/daemon/server/api/DaemonCommandExecution;Lorg/gradle/launcher/daemon/protocol/Build;)V+106
j  org.gradle.launcher.daemon.server.exec.BuildCommandOnly.execute(Lorg/gradle/launcher/daemon/server/api/DaemonCommandExecution;)V+49
J 22118 C1 org.gradle.launcher.daemon.server.api.DaemonCommandExecution.proceed()Z (35 bytes) @ 0x0000000003274bcc [0x0000000003274820+0x3ac]
j  org.gradle.launcher.daemon.server.exec.EstablishBuildEnvironment.doBuild(Lorg/gradle/launcher/daemon/server/api/DaemonCommandExecution;Lorg/gradle/launcher/daemon/protocol/Build;)V+243
j  org.gradle.launcher.daemon.server.exec.BuildCommandOnly.execute(Lorg/gradle/launcher/daemon/server/api/DaemonCommandExecution;)V+49
J 22118 C1 org.gradle.launcher.daemon.server.api.DaemonCommandExecution.proceed()Z (35 bytes) @ 0x0000000003274bcc [0x0000000003274820+0x3ac]
j  org.gradle.launcher.daemon.server.health.HintGCAfterBuild.execute(Lorg/gradle/launcher/daemon/server/api/DaemonCommandExecution;)V+1
J 22118 C1 org.gradle.launcher.daemon.server.api.DaemonCommandExecution.proceed()Z (35 bytes) @ 0x0000000003274bcc [0x0000000003274820+0x3ac]
j  org.gradle.launcher.daemon.server.exec.StartBuildOrRespondWithBusy$1.run()V+44
j  org.gradle.launcher.daemon.server.DaemonStateCoordinator$1.run()V+4
J 22107 C1 org.gradle.internal.concurrent.ExecutorPolicy$CatchAndRecordFailures.onExecute(Ljava/lang/Runnable;)V (45 bytes) @ 0x0000000006643914 [0x0000000006643800+0x114]
J 22109 C1 org.gradle.internal.concurrent.StoppableExecutorImpl$1.run()V (59 bytes) @ 0x0000000006641ff4 [0x0000000006641be0+0x414]
J 22098 C1 java.util.concurrent.ThreadPoolExecutor.runWorker(Ljava/util/concurrent/ThreadPoolExecutor$Worker;)V (225 bytes) @ 0x00000000062a702c [0x00000000062a60a0+0xf8c]
J 22097 C1 java.util.concurrent.ThreadPoolExecutor$Worker.run()V (9 bytes) @ 0x0000000005660104 [0x0000000005660000+0x104]
J 18718 C1 java.lang.Thread.run()V (17 bytes) @ 0x000000000556cbfc [0x000000000556cac0+0x13c]
v  ~StubRoutines::call_stub

---------------  P R O C E S S  ---------------

Java Threads: ( => current thread )
  0x000000005c40b000 JavaThread "Stdin handler" [_thread_blocked, id=6916, stack(0x0000000059650000,0x0000000059750000)]
=>0x000000005c40f800 JavaThread "Daemon worker Thread 26" [_thread_in_vm, id=7512, stack(0x0000000059790000,0x0000000059890000)]
  0x000000005c40c000 JavaThread "Cancel handler" [_thread_blocked, id=7972, stack(0x0000000058cf0000,0x0000000058df0000)]
  0x000000005c40a800 JavaThread "Handler for socket connection from /127.0.0.1:51206 to /127.0.0.1:54625" [_thread_in_native, id=7588, stack(0x00000000592d0000,0x00000000593d0000)]
  0x000000005c409800 JavaThread "Daemon Thread 26" [_thread_blocked, id=3088, stack(0x0000000059410000,0x0000000059510000)]
  0x000000005a120800 JavaThread "File lock request listener" [_thread_in_native, id=6808, stack(0x0000000059530000,0x0000000059630000)]
  0x0000000057f1e000 JavaThread "Incoming local TCP Connector on port 51206" [_thread_in_native, id=4604, stack(0x0000000058fc0000,0x00000000590c0000)]
  0x00000000566db800 JavaThread "Service Thread" daemon [_thread_blocked, id=4608, stack(0x0000000057170000,0x0000000057270000)]
  0x000000005665e000 JavaThread "C1 CompilerThread2" daemon [_thread_blocked, id=6500, stack(0x0000000056c30000,0x0000000056d30000)]
  0x000000005665d800 JavaThread "C2 CompilerThread1" daemon [_thread_blocked, id=7836, stack(0x0000000056ef0000,0x0000000056ff0000)]
  0x0000000056658000 JavaThread "C2 CompilerThread0" daemon [_thread_blocked, id=7308, stack(0x0000000056d30000,0x0000000056e30000)]
  0x0000000056649800 JavaThread "Attach Listener" daemon [_thread_blocked, id=6464, stack(0x00000000562d0000,0x00000000563d0000)]
  0x0000000056648800 JavaThread "Signal Dispatcher" daemon [_thread_blocked, id=6988, stack(0x0000000056a40000,0x0000000056b40000)]
  0x000000005521b800 JavaThread "Finalizer" daemon [_thread_blocked, id=3788, stack(0x0000000056540000,0x0000000056640000)]
  0x0000000055214800 JavaThread "Reference Handler" daemon [_thread_blocked, id=7756, stack(0x00000000563d0000,0x00000000564d0000)]
  0x000000000250f000 JavaThread "main" [_thread_blocked, id=6340, stack(0x0000000002550000,0x0000000002650000)]

Other Threads:
  0x000000005520f000 VMThread [stack: 0x0000000056180000,0x0000000056280000] [id=3300]
  0x00000000566f6000 WatcherThread [stack: 0x0000000057010000,0x0000000057110000] [id=4976]

VM state:not at safepoint (normal execution)

VM Mutex/Monitor currently owned by a thread: None

Heap:
 PSYoungGen      total 272384K, used 28143K [0x00000000eab00000, 0x00000000fe780000, 0x0000000100000000)
  eden space 220672K, 12% used [0x00000000eab00000,0x00000000ec67bf90,0x00000000f8280000)
  from space 51712K, 0% used [0x00000000fb500000,0x00000000fb500000,0x00000000fe780000)
  to   space 51712K, 0% used [0x00000000f8280000,0x00000000f8280000,0x00000000fb500000)
 ParOldGen       total 160256K, used 50134K [0x00000000c0000000, 0x00000000c9c80000, 0x00000000eab00000)
  object space 160256K, 31% used [0x00000000c0000000,0x00000000c30f59c0,0x00000000c9c80000)
 Metaspace       used 68778K, capacity 74146K, committed 77952K, reserved 1116160K
  class space    used 8174K, capacity 9820K, committed 10624K, reserved 1048576K

Card table byte_map: [0x0000000011b30000,0x0000000011d40000] byte_map_base: 0x0000000011530000

Marking Bits: (ParMarkBitMap*) 0x0000000070594040
 Begin Bits: [0x0000000012460000, 0x0000000013460000)
 End Bits:   [0x0000000013460000, 0x0000000014460000)

Polling page: 0x0000000000330000

CodeCache: size=245760Kb used=67875Kb max_used=67971Kb free=177884Kb
 bounds [0x0000000002770000, 0x0000000006a40000, 0x0000000011770000]
 total_blobs=16996 nmethods=16246 adapters=658
 compilation: enabled

Compilation events (10 events):
Event: 13225.737 Thread 0x000000005665e000 23677   !   3       sun.reflect.GeneratedSerializationConstructorAccessor4::newInstance (49 bytes)
Event: 13225.737 Thread 0x000000005665e000 nmethod 23677 0x0000000004379ed0 code [0x000000000437a0a0, 0x000000000437a658]
Event: 13225.752 Thread 0x000000005665e000 23680       3       java.util.ResourceBundle::isValidBundle (17 bytes)
Event: 13225.752 Thread 0x000000005665e000 nmethod 23680 0x0000000003d7d1d0 code [0x0000000003d7d320, 0x0000000003d7d4f0]
Event: 13225.922 Thread 0x000000005665e000 23681   !   3       org.gradle.cache.internal.filelock.LockStateAccess::readState (155 bytes)
Event: 13225.923 Thread 0x000000005665e000 nmethod 23681 0x000000000543c190 code [0x000000000543c500, 0x000000000543e168]
Event: 13225.925 Thread 0x0000000056658000 23682       4       sun.reflect.Reflection::filter (220 bytes)
Event: 13225.936 Thread 0x0000000056658000 nmethod 23682 0x0000000003208010 code [0x0000000003208180, 0x00000000032085d8]
Event: 13225.942 Thread 0x000000005665d800 23683       4       sun.reflect.generics.scope.AbstractScope::lookup (66 bytes)
Event: 13225.957 Thread 0x000000005665d800 nmethod 23683 0x000000000474ad50 code [0x000000000474af40, 0x000000000474bc28]

GC Heap History (10 events):
Event: 9393.378 GC heap before
{Heap before GC invocations=99 (full 23):
 PSYoungGen      total 273920K, used 230936K [0x00000000eab00000, 0x00000000feb80000, 0x0000000100000000)
  eden space 222720K, 92% used [0x00000000eab00000,0x00000000f74567f0,0x00000000f8480000)
  from space 51200K, 48% used [0x00000000f8480000,0x00000000f9cafb38,0x00000000fb680000)
  to   space 49664K, 0% used [0x00000000fbb00000,0x00000000fbb00000,0x00000000feb80000)
 ParOldGen       total 160256K, used 65497K [0x00000000c0000000, 0x00000000c9c80000, 0x00000000eab00000)
  object space 160256K, 40% used [0x00000000c0000000,0x00000000c3ff6500,0x00000000c9c80000)
 Metaspace       used 69625K, capacity 75890K, committed 77696K, reserved 1116160K
  class space    used 8433K, capacity 10237K, committed 10624K, reserved 1048576K
Event: 9393.385 GC heap after
Heap after GC invocations=99 (full 23):
 PSYoungGen      total 278528K, used 1984K [0x00000000eab00000, 0x00000000feb80000, 0x0000000100000000)
  eden space 228864K, 0% used [0x00000000eab00000,0x00000000eab00000,0x00000000f8a80000)
  from space 49664K, 3% used [0x00000000fbb00000,0x00000000fbcf0020,0x00000000feb80000)
  to   space 49664K, 0% used [0x00000000f8a80000,0x00000000f8a80000,0x00000000fbb00000)
 ParOldGen       total 160256K, used 65497K [0x00000000c0000000, 0x00000000c9c80000, 0x00000000eab00000)
  object space 160256K, 40% used [0x00000000c0000000,0x00000000c3ff6500,0x00000000c9c80000)
 Metaspace       used 69625K, capacity 75890K, committed 77696K, reserved 1116160K
  class space    used 8433K, capacity 10237K, committed 10624K, reserved 1048576K
}
Event: 9393.385 GC heap before
{Heap before GC invocations=100 (full 24):
 PSYoungGen      total 278528K, used 1984K [0x00000000eab00000, 0x00000000feb80000, 0x0000000100000000)
  eden space 228864K, 0% used [0x00000000eab00000,0x00000000eab00000,0x00000000f8a80000)
  from space 49664K, 3% used [0x00000000fbb00000,0x00000000fbcf0020,0x00000000feb80000)
  to   space 49664K, 0% used [0x00000000f8a80000,0x00000000f8a80000,0x00000000fbb00000)
 ParOldGen       total 160256K, used 65497K [0x00000000c0000000, 0x00000000c9c80000, 0x00000000eab00000)
  object space 160256K, 40% used [0x00000000c0000000,0x00000000c3ff6500,0x00000000c9c80000)
 Metaspace       used 69625K, capacity 75890K, committed 77696K, reserved 1116160K
  class space    used 8433K, capacity 10237K, committed 10624K, reserved 1048576K
Event: 9393.835 GC heap after
Heap after GC invocations=100 (full 24):
 PSYoungGen      total 278528K, used 0K [0x00000000eab00000, 0x00000000feb80000, 0x0000000100000000)
  eden space 228864K, 0% used [0x00000000eab00000,0x00000000eab00000,0x00000000f8a80000)
  from space 49664K, 0% used [0x00000000fbb00000,0x00000000fbb00000,0x00000000feb80000)
  to   space 49664K, 0% used [0x00000000f8a80000,0x00000000f8a80000,0x00000000fbb00000)
 ParOldGen       total 160256K, used 66502K [0x00000000c0000000, 0x00000000c9c80000, 0x00000000eab00000)
  object space 160256K, 41% used [0x00000000c0000000,0x00000000c40f1ae0,0x00000000c9c80000)
 Metaspace       used 69625K, capacity 75890K, committed 77696K, reserved 1116160K
  class space    used 8433K, capacity 10237K, committed 10624K, reserved 1048576K
}
Event: 12616.001 GC heap before
{Heap before GC invocations=101 (full 24):
 PSYoungGen      total 278528K, used 228864K [0x00000000eab00000, 0x00000000feb80000, 0x0000000100000000)
  eden space 228864K, 100% used [0x00000000eab00000,0x00000000f8a80000,0x00000000f8a80000)
  from space 49664K, 0% used [0x00000000fbb00000,0x00000000fbb00000,0x00000000feb80000)
  to   space 49664K, 0% used [0x00000000f8a80000,0x00000000f8a80000,0x00000000fbb00000)
 ParOldGen       total 160256K, used 66502K [0x00000000c0000000, 0x00000000c9c80000, 0x00000000eab00000)
  object space 160256K, 41% used [0x00000000c0000000,0x00000000c40f1ae0,0x00000000c9c80000)
 Metaspace       used 69948K, capacity 76566K, committed 77696K, reserved 1116160K
  class space    used 8487K, capacity 10354K, committed 10624K, reserved 1048576K
Event: 12616.042 GC heap after
Heap after GC invocations=101 (full 24):
 PSYoungGen      total 252928K, used 31785K [0x00000000eab00000, 0x00000000fe780000, 0x0000000100000000)
  eden space 220672K, 0% used [0x00000000eab00000,0x00000000eab00000,0x00000000f8280000)
  from space 32256K, 98% used [0x00000000f8a80000,0x00000000fa98a510,0x00000000faa00000)
  to   space 51712K, 0% used [0x00000000fb500000,0x00000000fb500000,0x00000000fe780000)
 ParOldGen       total 160256K, used 66510K [0x00000000c0000000, 0x00000000c9c80000, 0x00000000eab00000)
  object space 160256K, 41% used [0x00000000c0000000,0x00000000c40f3ae0,0x00000000c9c80000)
 Metaspace       used 69948K, capacity 76566K, committed 77696K, reserved 1116160K
  class space    used 8487K, capacity 10354K, committed 10624K, reserved 1048576K
}
Event: 12631.837 GC heap before
{Heap before GC invocations=102 (full 24):
 PSYoungGen      total 252928K, used 199709K [0x00000000eab00000, 0x00000000fe780000, 0x0000000100000000)
  eden space 220672K, 76% used [0x00000000eab00000,0x00000000f4efcf78,0x00000000f8280000)
  from space 32256K, 98% used [0x00000000f8a80000,0x00000000fa98a510,0x00000000faa00000)
  to   space 51712K, 0% used [0x00000000fb500000,0x00000000fb500000,0x00000000fe780000)
 ParOldGen       total 160256K, used 66510K [0x00000000c0000000, 0x00000000c9c80000, 0x00000000eab00000)
  object space 160256K, 41% used [0x00000000c0000000,0x00000000c40f3ae0,0x00000000c9c80000)
 Metaspace       used 69968K, capacity 76584K, committed 77696K, reserved 1116160K
  class space    used 8488K, capacity 10357K, committed 10624K, reserved 1048576K
Event: 12631.841 GC heap after
Heap after GC invocations=102 (full 24):
 PSYoungGen      total 272384K, used 1472K [0x00000000eab00000, 0x00000000fe780000, 0x0000000100000000)
  eden space 220672K, 0% used [0x00000000eab00000,0x00000000eab00000,0x00000000f8280000)
  from space 51712K, 2% used [0x00000000fb500000,0x00000000fb670000,0x00000000fe780000)
  to   space 51712K, 0% used [0x00000000f8280000,0x00000000f8280000,0x00000000fb500000)
 ParOldGen       total 160256K, used 66510K [0x00000000c0000000, 0x00000000c9c80000, 0x00000000eab00000)
  object space 160256K, 41% used [0x00000000c0000000,0x00000000c40f3ae0,0x00000000c9c80000)
 Metaspace       used 69968K, capacity 76584K, committed 77696K, reserved 1116160K
  class space    used 8488K, capacity 10357K, committed 10624K, reserved 1048576K
}
Event: 12631.841 GC heap before
{Heap before GC invocations=103 (full 25):
 PSYoungGen      total 272384K, used 1472K [0x00000000eab00000, 0x00000000fe780000, 0x0000000100000000)
  eden space 220672K, 0% used [0x00000000eab00000,0x00000000eab00000,0x00000000f8280000)
  from space 51712K, 2% used [0x00000000fb500000,0x00000000fb670000,0x00000000fe780000)
  to   space 51712K, 0% used [0x00000000f8280000,0x00000000f8280000,0x00000000fb500000)
 ParOldGen       total 160256K, used 66510K [0x00000000c0000000, 0x00000000c9c80000, 0x00000000eab00000)
  object space 160256K, 41% used [0x00000000c0000000,0x00000000c40f3ae0,0x00000000c9c80000)
 Metaspace       used 69968K, capacity 76584K, committed 77696K, reserved 1116160K
  class space    used 8488K, capacity 10357K, committed 10624K, reserved 1048576K
Event: 12632.095 GC heap after
Heap after GC invocations=103 (full 25):
 PSYoungGen      total 272384K, used 0K [0x00000000eab00000, 0x00000000fe780000, 0x0000000100000000)
  eden space 220672K, 0% used [0x00000000eab00000,0x00000000eab00000,0x00000000f8280000)
  from space 51712K, 0% used [0x00000000fb500000,0x00000000fb500000,0x00000000fe780000)
  to   space 51712K, 0% used [0x00000000f8280000,0x00000000f8280000,0x00000000fb500000)
 ParOldGen       total 160256K, used 50134K [0x00000000c0000000, 0x00000000c9c80000, 0x00000000eab00000)
  object space 160256K, 31% used [0x00000000c0000000,0x00000000c30f59c0,0x00000000c9c80000)
 Metaspace       used 68629K, capacity 73834K, committed 77696K, reserved 1116160K
  class space    used 8150K, capacity 9753K, committed 10624K, reserved 1048576K
}

Deoptimization events (10 events):
Event: 9379.174 Thread 0x000000005c40c000 Uncommon trap: reason=bimorphic action=maybe_recompile pc=0x00000000048194e4 method=com.sun.tools.javac.comp.Enter.classEnter(Lcom/sun/tools/javac/tree/JCTree;Lcom/sun/tools/javac/comp/Env;)Lcom/sun/tools/javac/code/Type; @ 12
Event: 9379.175 Thread 0x000000005c40c000 Uncommon trap: reason=bimorphic action=maybe_recompile pc=0x00000000048194e4 method=com.sun.tools.javac.comp.Enter.classEnter(Lcom/sun/tools/javac/tree/JCTree;Lcom/sun/tools/javac/comp/Env;)Lcom/sun/tools/javac/code/Type; @ 12
Event: 9379.175 Thread 0x000000005c40c000 Uncommon trap: reason=bimorphic action=maybe_recompile pc=0x00000000048194e4 method=com.sun.tools.javac.comp.Enter.classEnter(Lcom/sun/tools/javac/tree/JCTree;Lcom/sun/tools/javac/comp/Env;)Lcom/sun/tools/javac/code/Type; @ 12
Event: 9379.175 Thread 0x000000005c40c000 Uncommon trap: reason=bimorphic action=maybe_recompile pc=0x00000000048194e4 method=com.sun.tools.javac.comp.Enter.classEnter(Lcom/sun/tools/javac/tree/JCTree;Lcom/sun/tools/javac/comp/Env;)Lcom/sun/tools/javac/code/Type; @ 12
Event: 9379.334 Thread 0x000000005c40c000 Uncommon trap: reason=predicate action=maybe_recompile pc=0x0000000004ca876c method=com.sun.tools.javac.util.Name.startsWith(Lcom/sun/tools/javac/util/Name;)Z @ 44
Event: 9393.361 Thread 0x000000005c40c000 Uncommon trap: reason=array_check action=maybe_recompile pc=0x00000000069db4a4 method=org.codehaus.groovy.reflection.ParameterTypes.makeCommonArray([Ljava/lang/Object;ILjava/lang/Class;)Ljava/lang/Object; @ 46
Event: 9393.361 Thread 0x000000005c40c000 Uncommon trap: reason=array_check action=maybe_recompile pc=0x00000000069db4a4 method=org.codehaus.groovy.reflection.ParameterTypes.makeCommonArray([Ljava/lang/Object;ILjava/lang/Class;)Ljava/lang/Object; @ 46
Event: 12614.109 Thread 0x000000005c40a800 Uncommon trap: reason=array_check action=maybe_recompile pc=0x00000000069db4a4 method=org.codehaus.groovy.reflection.ParameterTypes.makeCommonArray([Ljava/lang/Object;ILjava/lang/Class;)Ljava/lang/Object; @ 46
Event: 12614.110 Thread 0x000000005c40a800 Uncommon trap: reason=array_check action=maybe_recompile pc=0x00000000069db4a4 method=org.codehaus.groovy.reflection.ParameterTypes.makeCommonArray([Ljava/lang/Object;ILjava/lang/Class;)Ljava/lang/Object; @ 46
Event: 13225.897 Thread 0x000000005c40f800 Uncommon trap: reason=array_check action=maybe_recompile pc=0x00000000068c59c0 method=java.util.ComparableTimSort.mergeLo(IIII)V @ 587

Internal exceptions (10 events):
Event: 13225.724 Thread 0x000000005c40a800 Exception <a 'java/lang/NoSuchMethodError': <clinit>> (0x00000000eb11f4b0) thrown at [C:\re\workspace\8-2-build-windows-amd64-cygwin\jdk8u45\3457\hotspot\src\share\vm\prims\jni.cpp, line 1598]
Event: 13225.724 Thread 0x000000005c40a800 Exception <a 'java/lang/NoSuchMethodError': <clinit>> (0x00000000eb135c20) thrown at [C:\re\workspace\8-2-build-windows-amd64-cygwin\jdk8u45\3457\hotspot\src\share\vm\prims\jni.cpp, line 1598]
Event: 13225.728 Thread 0x000000005c40a800 Exception <a 'java/lang/NoSuchMethodError': <clinit>> (0x00000000eb16a4c8) thrown at [C:\re\workspace\8-2-build-windows-amd64-cygwin\jdk8u45\3457\hotspot\src\share\vm\prims\jni.cpp, line 1598]
Event: 13225.728 Thread 0x000000005c40a800 Exception <a 'java/lang/NoSuchMethodError': <clinit>> (0x00000000eb172e50) thrown at [C:\re\workspace\8-2-build-windows-amd64-cygwin\jdk8u45\3457\hotspot\src\share\vm\prims\jni.cpp, line 1598]
Event: 13225.734 Thread 0x000000005c40f800 Exception <a 'java/lang/NoSuchMethodError': <clinit>> (0x00000000eb31dc10) thrown at [C:\re\workspace\8-2-build-windows-amd64-cygwin\jdk8u45\3457\hotspot\src\share\vm\prims\jni.cpp, line 1598]
Event: 13225.735 Thread 0x000000005c40f800 Exception <a 'java/lang/NoSuchMethodError': <clinit>> (0x00000000eb325ad0) thrown at [C:\re\workspace\8-2-build-windows-amd64-cygwin\jdk8u45\3457\hotspot\src\share\vm\prims\jni.cpp, line 1598]
Event: 13225.743 Thread 0x000000005c40a800 Exception <a 'java/lang/NoSuchMethodError': <clinit>> (0x00000000eb19cd38) thrown at [C:\re\workspace\8-2-build-windows-amd64-cygwin\jdk8u45\3457\hotspot\src\share\vm\prims\jni.cpp, line 1598]
Event: 13225.743 Thread 0x000000005c40a800 Exception <a 'java/lang/NoSuchMethodError': <clinit>> (0x00000000eb1a3c90) thrown at [C:\re\workspace\8-2-build-windows-amd64-cygwin\jdk8u45\3457\hotspot\src\share\vm\prims\jni.cpp, line 1598]
Event: 13225.895 Thread 0x000000005c40f800 Exception <a 'java/lang/ClassNotFoundException': asLocalRepo1331_2gy2mslvfas52zbbgm3wcax0kBeanInfo> (0x00000000eb709b80) thrown at [C:\re\workspace\8-2-build-windows-amd64-cygwin\jdk8u45\3457\hotspot\src\share\vm\classfile\systemDictionary.cpp, line 210]
Event: 13225.895 Thread 0x000000005c40f800 Exception <a 'java/lang/ClassNotFoundException': asLocalRepo1331_2gy2mslvfas52zbbgm3wcax0kCustomizer> (0x00000000eb712e98) thrown at [C:\re\workspace\8-2-build-windows-amd64-cygwin\jdk8u45\3457\hotspot\src\share\vm\classfile\systemDictionary.cpp, line 210]	Х╓эти@

Events (10 events):
Event: 13225.923 loading class groovy/runtime/metaclass/settings_641c6fn3ec0hy595yoxm25y0qMetaClass
Event: 13225.923 loading class groovy/runtime/metaclass/settings_641c6fn3ec0hy595yoxm25y0qMetaClass done
Event: 13225.924 Thread 0x000000005665e000 flushing nmethod 0x00000000036cb210
Event: 13225.924 Thread 0x000000005665e000 flushing nmethod 0x000000000372c490
Event: 13225.924 loading class groovy/runtime/metaclass/org/gradle/initialization/DefaultSettings_DecoratedMetaClass
Event: 13225.924 loading class groovy/runtime/metaclass/org/gradle/initialization/DefaultSettings_DecoratedMetaClass done
Event: 13225.935 loading class groovy/runtime/metaclass/org/gradle/api/internal/project/DefaultProjectMetaClass
Event: 13225.935 loading class groovy/runtime/metaclass/org/gradle/api/internal/project/DefaultProjectMetaClass done
Event: 13225.936 Thread 0x0000000056658000 flushing nmethod 0x00000000038b5090
Event: 13225.937 Thread 0x0000000056658000 flushing nmethod 0x0000000003a56dd0


Dynamic libraries:
0x000000013f8f0000 - 0x000000013f927000 	C:\Program Files\Java\jdk1.8.0_45\bin\java.exe
0x00000000779d0000 - 0x0000000077b79000 	C:\Windows\SYSTEM32\ntdll.dll
0x00000000777b0000 - 0x00000000778cf000 	C:\Windows\system32\kernel32.dll
0x000007fefdae0000 - 0x000007fefdb4b000 	C:\Windows\system32\KERNELBASE.dll
0x000007fefe070000 - 0x000007fefe14b000 	C:\Windows\system32\ADVAPI32.dll
0x000007feffab0000 - 0x000007feffb4f000 	C:\Windows\system32\msvcrt.dll
0x000007fefed00000 - 0x000007fefed1f000 	C:\Windows\SYSTEM32\sechost.dll
0x000007fefdec0000 - 0x000007fefdfed000 	C:\Windows\system32\RPCRT4.dll
0x00000000778d0000 - 0x00000000779ca000 	C:\Windows\system32\USER32.dll
0x000007fefe000000 - 0x000007fefe067000 	C:\Windows\system32\GDI32.dll
0x000007fefe360000 - 0x000007fefe36e000 	C:\Windows\system32\LPK.dll
0x000007fefeb90000 - 0x000007fefec59000 	C:\Windows\system32\USP10.dll
0x000007fefbdb0000 - 0x000007fefbfa4000 	C:\Windows\WinSxS\amd64_microsoft.windows.common-controls_6595b64144ccf1df_6.0.7601.17514_none_fa396087175ac9ac\COMCTL32.dll
0x000007fefe5a0000 - 0x000007fefe611000 	C:\Windows\system32\SHLWAPI.dll
0x000007fefe9d0000 - 0x000007fefe9fe000 	C:\Windows\system32\IMM32.DLL
0x000007fefea60000 - 0x000007fefeb69000 	C:\Windows\system32\MSCTF.dll
0x0000000054fa0000 - 0x0000000055072000 	C:\Program Files\Java\jdk1.8.0_45\jre\bin\msvcr100.dll
0x000000006fd90000 - 0x0000000070613000 	C:\Program Files\Java\jdk1.8.0_45\jre\bin\server\jvm.dll
0x000007feed180000 - 0x000007feed189000 	C:\Windows\system32\WSOCK32.dll
0x000007fefe370000 - 0x000007fefe3bd000 	C:\Windows\system32\WS2_32.dll
0x000007fefdff0000 - 0x000007fefdff8000 	C:\Windows\system32\NSI.dll
0x000007fefb610000 - 0x000007fefb64b000 	C:\Windows\system32\WINMM.dll
0x000007fefc880000 - 0x000007fefc88c000 	C:\Windows\system32\VERSION.dll
0x0000000077ba0000 - 0x0000000077ba7000 	C:\Windows\system32\PSAPI.DLL
0x0000000072070000 - 0x000000007207f000 	C:\Program Files\Java\jdk1.8.0_45\jre\bin\verify.dll
0x00000000668a0000 - 0x00000000668c9000 	C:\Program Files\Java\jdk1.8.0_45\jre\bin\java.dll
0x0000000066910000 - 0x0000000066926000 	C:\Program Files\Java\jdk1.8.0_45\jre\bin\zip.dll
0x000007fefed20000 - 0x000007feffaa9000 	C:\Windows\system32\SHELL32.dll
0x000007fefe150000 - 0x000007fefe353000 	C:\Windows\system32\ole32.dll
0x000007fefd790000 - 0x000007fefd79f000 	C:\Windows\system32\profapi.dll
0x0000000001cc0000 - 0x0000000001cda000 	C:\Program Files\Java\jdk1.8.0_45\jre\bin\net.dll
0x000007fefcf70000 - 0x000007fefcfc5000 	C:\Windows\system32\mswsock.dll
0x000007fefcf60000 - 0x000007fefcf67000 	C:\Windows\System32\wship6.dll
0x0000000001d10000 - 0x0000000001d21000 	C:\Program Files\Java\jdk1.8.0_45\jre\bin\nio.dll
0x000007fef2260000 - 0x000007fef2272000 	C:\Users\58\.gradle\native\19\windows-amd64\native-platform.dll
0x000007fefb3c0000 - 0x000007fefb3e7000 	C:\Windows\system32\IPHLPAPI.DLL
0x000007fefb3b0000 - 0x000007fefb3bb000 	C:\Windows\system32\WINNSI.DLL
0x000007fefab70000 - 0x000007fefab88000 	C:\Windows\system32\dhcpcsvc.DLL
0x000007fefaaf0000 - 0x000007fefab01000 	C:\Windows\system32\dhcpcsvc6.DLL
0x000007fefcfd0000 - 0x000007fefcfe7000 	C:\Windows\system32\CRYPTSP.dll
0x000007fefcc90000 - 0x000007fefccd7000 	C:\Windows\system32\rsaenh.dll
0x000007fefd7f0000 - 0x000007fefd80e000 	C:\Windows\system32\USERENV.dll
0x000007fefd630000 - 0x000007fefd63f000 	C:\Windows\system32\CRYPTBASE.dll
0x000007fefd5d0000 - 0x000007fefd627000 	C:\Windows\system32\apphelp.dll
0x0000000071430000 - 0x000000007143d000 	C:\Program Files\Java\jdk1.8.0_45\jre\bin\management.dll
0x000007feeb360000 - 0x000007feeb485000 	C:\Windows\system32\dbghelp.dll

VM Arguments:
jvm_args: -XX:MaxPermSize=256m -XX:+HeapDumpOnOutOfMemoryError -Xmx1024m -Dfile.encoding=GBK -Duser.country=CN -Duser.language=zh -Duser.variant 
java_command: org.gradle.launcher.daemon.bootstrap.GradleDaemon 2.4 C:\Users\58\.gradle C:\Users\58\.gradle\daemon 10800000 b5108223-2f77-4548-99e5-e0f2f4a879dc -XX:MaxPermSize=256m -XX:+HeapDumpOnOutOfMemoryError -Xmx1024m -Dfile.encoding=GBK -Duser.country=CN -Duser.language=zh -Duser.variant
java_class_path (initial): C:\Users\58\.gradle\wrapper\dists\gradle-2.4-all\6r4uqcc6ovnq6ac6s0txzcpc0\gradle-2.4\lib\gradle-launcher-2.4.jar
Launcher Type: SUN_STANDARD

Environment Variables:
JAVA_HOME=C:\Program Files\Java\jdk1.6.0_43\
CLASSPATH=.;C:\Program Files\Java\jdk1.6.0_43\\lib;C:\Program Files\Java\jdk1.6.0_43\\lib\tools.jar
PATH=C:\ProgramData\Oracle\Java\javapath;C:\Windows\system32;C:\Windows;C:\Windows\System32\Wbem;C:\Windows\System32\WindowsPowerShell\v1.0\;C:\Program Files\Java\jdk1.6.0_43\\bin;C:\Program Files\Java\jdk1.6.0_43\\jre\bin;D:\adt-bundle-windows-x86_64-20131030\adt-bundle-windows-x86_64-20131030\sdk\platform-tools;D:\adt-bundle-windows-x86_64-20131030\adt-bundle-windows-x86_64-20131030\sdk\tools;C:\Program Files\TortoiseSVN\bin;D:\apache-maven-3.2.5-bin\apache-maven-3.2.5\bin;D:\
USERNAME=58
OS=Windows_NT
PROCESSOR_IDENTIFIER=Intel64 Family 6 Model 61 Stepping 4, GenuineIntel



---------------  S Y S T E M  ---------------

OS: Windows 7 , 64 bit Build 7601 (6.1.7601.18015)

CPU:total 4 (2 cores per cpu, 2 threads per core) family 6 model 61 stepping 4, cmov, cx8, fxsr, mmx, sse, sse2, sse3, ssse3, sse4.1, sse4.2, popcnt, avx, avx2, aes, clmul, erms, 3dnowpref, lzcnt, ht, tsc, tscinvbit, bmi1, bmi2, adx

Memory: 4k page, physical 8293356k(1538224k free), swap 16584856k(9185464k free)

vm_info: Java HotSpot(TM) 64-Bit Server VM (25.45-b02) for windows-amd64 JRE (1.8.0_45-b14), built on Apr 10 2015 10:34:15 by "java_re" with MS VC++ 10.0 (VS2010)

time: Mon Dec 14 17:57:07 2015
elapsed time: 13226 seconds (0d 3h 40m 26s)

